
=== Mon Sep 18 09:49:00 2023

Packages were changed.
Update Mode: updateDependencies

The following packages were added:
  com.unity.ai.navigation@1.1.4
The following packages were updated:
  com.unity.collab-proxy from version 1.15.18 to 2.0.7
  com.unity.ide.rider from version 3.0.14 to 3.0.24
  com.unity.ide.visualstudio from version 2.0.15 to 2.0.18
  com.unity.render-pipelines.universal from version 12.1.7 to 14.0.8
  com.unity.test-framework from version 1.1.31 to 1.1.33
  com.unity.timeline from version 1.6.4 to 1.7.5
  com.unity.visualscripting from version 1.7.8 to 1.9.0
  com.unity.xr.interaction.toolkit from version 2.0.2 to 2.5.0
  com.unity.xr.management from version 4.2.1 to 4.3.3
  com.unity.xr.openxr from version 1.4.2 to 1.8.2

=== Mon Oct 23 09:48:06 2023

Packages were changed.
Update Mode: updateDependencies

The following packages were updated:
  com.unity.collab-proxy from version 1.13.5 to 2.0.7
  com.unity.ide.rider from version 2.0.7 to 3.0.24
  com.unity.ide.visualstudio from version 2.0.11 to 2.0.18
  com.unity.ide.vscode from version 1.2.4 to 1.2.5
  com.unity.postprocessing from version 3.1.1 to 3.2.2
  com.unity.test-framework from version 1.1.29 to 1.1.33
  com.unity.timeline from version 1.4.8 to 1.7.5

=== Mon Oct 23 09:48:06 2023

Packages were changed.
Update Mode: mergeDefaultDependencies

The following packages were added:
  com.unity.postprocessing@3.2.2
